MLton prof
count
current
0xfb7f8351
4684699669 0
585
0
0
0
0
0
0
0
0
0
0
0
0
0
0
0
0
0
0
0
0
0
0
0
0
0
0
0
0
0
0
0
0
0
0
0
0
0
0
0
0
0
0
0
0
0
0
0
0
0
0
0
0
0
0
0
0
0
0
0
0
0
0
0
0
0
0
0
0
0
0
0
0
0
0
0
0
0
0
0
0
0
0
0
0
0
0
0
0
0
0
0
0
0
0
0
0
0
0
0
0
0
0
0
0
0
0
0
0
0
0
0
0
0
0
0
0
0
0
0
0
0
0
0
0
0
0
0
0
0
0
0
0
0
0
0
0
0
0
0
0
0
0
0
0
0
0
0
0
0
0
0
0
0
0
0
0
0
0
0
0
0
0
0
0
0
0
0
0
0
0
0
0
0
0
0
0
0
0
0
0
0
0
0
0
0
0
0
0
0
0
0
0
0
0
0
0
0
0
0
0
0
0
0
0
0
0
0
0
0
0
0
0
0
0
0
0
0
0
0
0
0
0
0
0
0
0
0
0
0
0
0
0
0
0
0
0
0
0
0
0
0
0
0
0
0
0
0
0
0
0
0
0
0
0
0
0
0
0
0
0
0
0
0
0
0
0
0
0
0
0
0
0
0
0
0
0
0
0
0
0
0
0
0
0
0
0
0
0
0
0
0
0
0
0
0
0
0
0
0
0
0
0
0
0
0
0
0
0
0
0
0
0
0
0
0
0
0
0
0
0
0
0
0
0
0
0
0
0
0
0
0
0
0
0
0
0
0
0
0
0
0
0
0
0
0
0
5
5
1
9777
0
9775
40029850
4
4
10154
2
5
1
8
1
0
0
0
0
0
0
4
0
0
0
0
4
4
12
12
12
12
12
3
3
6
6
3
0
0
0
0
1
1
1
1
1
1
1
1
1
1
1
1
1
1
1
1
1
1
1
1
1
1
1
1
1
1
1
1
1
1
1
1
1
1
1
1
1
1
1
1
1
1
1
1
1
1
1
1
1
1
1
1
1
1
1
1
1
1
1
1
1
1
1
1
1
1
1
1
1
1
1
1
1
1
1
1
1
1
1
1
1
1
1
1
1
1
1
1
0
1
1
1
1
4
4
40040003
40040003
40040000
40040000
40040000
40039999
1
1
1
1
20020006
20020005
70069997
70069997
70069997
70069997
70069997
70069997
70069997
70069997
70069997
40040000
40040000
40040000
40040000
0
30029997
0
40040000
40040000
40040000
40040000
160160000
160160000
160160000
160160000
140139992
140139992
0
0
0
40040000
40040000
40040000
140139992
140139992
0
40040000
140139992
140139992
140139992
140139992
140139992
140139992
140139992
140139992
140139992
140139992
140139992
0
70069996
70069996
70069996
70069996
0
0
1
1
1
1
1
1
1
1
1
1
10010002
10010002
10010002
0
0
0
0
0
0
0
1
0
0
1
0
0
0
0
10010002
3
3
0
0
80080000
80080000
4
346
0
0
0
1
1
1
1
1
1
1
1
10010002
10010002
0
10010002
0
0
0
0
0
0
1
1
5
5
4
1
1
1
20020006
20020005
70069996
70069996
70069996
70069996
140139992
140139992
70069997
70069997
30029997
40040000
40040000
40040000
140139992
140139992
1
1
1
80080000
80080000
210209989
210209989
210209989
210209989
40040000
40040000
40040000
0
210209990
210209990
210209990
0
2
2
5
5
2
3
40040004
40040004
40040001
3
40039999
2
40040000
40040000
40040000
0
0
40040000
0
0
140139992
140139992
160160000
160160000
160160000
160160000
220219993
220219993
0
0
0
0
0
0
0
0
0
0
0
0
0
0
0
0
0
0
0
0
0
0
0
0
0
0
0
0
0
0
0
0
0
0
0
0
0
0
0
0
0
0
0
0
0
0
9777
0
0
0
0
0
0
0
0
0
0
0
0
0
0
0
0
0
0
0
0
0
0
1
0
0
0
2
1
0
0
0
0
0
0
0
0
0
0
0
0
0
0
0
0
0
0
0
0
0
0
0
0
0
0
0
0
0
0
0
0
0
0
0
0
0
0
0
0
0
0
0
0
0
0
0
0
0
0
0
0
0
0
0
0
0
0
0
0
0
0
0
0
0
0
0
0
3
0
0
0
0
0
0
0
0
0
3
3
1
1
4
3
3
1
1
4
0
1
2
2
2
2
4
2
2
2
2
4
0
1
0
0
0
0
0
0
0
0
0
0
0
0
0
0
0
0
0
0
0
0
0
0
0
40040012
0
0
10
0
0
0
0
0
0
0
4
5
0
0
0
0
0
0
0
2
5
9780
0
10010006
1
0
0
0
0
0
0
0
3
3
6
6
3
12
12
12
12
12
0
0
1
1
1
1
1
1
1
1
1
1
1
